Using pre-set license
Built from '2021.1/release' branch; Version is '2021.1.1f1 (6fdc41dfa55a) revision 7330881'; Using compiler version '192528614'; Build Type 'Release'
OS: 'Windows 10 Home; OS build 19041.928; Version 2004; 64bit' Language: 'en' Physical Memory: 32678 MB
BatchMode: 1, IsHumanControllingUs: 0, StartBugReporterOnCrash: 0, Is64bit: 1, IsPro: 0

 COMMAND LINE ARGUMENTS:
C:\Program Files\Unity\Hub\Editor\2021.1.1f1\Editor\Unity.exe
-adb2
-batchMode
-noUpm
-name
AssetImportWorker0
-projectPath
D:/Repository/AIGroupProject/AI-Group-Project/AIProject
-logFile
Logs/AssetImportWorker0.log
-srvPort
50814
Successfully changed project path to: D:/Repository/AIGroupProject/AI-Group-Project/AIProject
D:/Repository/AIGroupProject/AI-Group-Project/AIProject
Using Asset Import Pipeline V2.
Refreshing native plugins compatible for Editor in 40.88 ms, found 0 plugins.
Preloading 0 native plugins for Editor in 0.00 ms.
Initialize engine version: 2021.1.1f1 (6fdc41dfa55a)
[Subsystems] Discovering subsystems at path C:/Program Files/Unity/Hub/Editor/2021.1.1f1/Editor/Data/Resources/UnitySubsystems
[Subsystems] Discovering subsystems at path D:/Repository/AIGroupProject/AI-Group-Project/AIProject/Assets
GfxDevice: creating device client; threaded=0; jobified=0
Direct3D:
    Version:  Direct3D 11.0 [level 11.1]
    Renderer: NVIDIA GeForce RTX 2060 (ID=0x1e89)
    Vendor:   NVIDIA
    VRAM:     5968 MB
    Driver:   27.21.14.6079
Shader 'Universal Render Pipeline/Particles/Lit': fallback shader 'Universal Render Pipeline/Particles/SimpleLit' not found
Initialize mono
Mono path[0] = 'C:/Program Files/Unity/Hub/Editor/2021.1.1f1/Editor/Data/Managed'
Mono path[1] = 'C:/Program Files/Unity/Hub/Editor/2021.1.1f1/Editor/Data/MonoBleedingEdge/lib/mono/unityjit'
Mono config path = 'C:/Program Files/Unity/Hub/Editor/2021.1.1f1/Editor/Data/MonoBleedingEdge/etc'
Using monoOptions --debugger-agent=transport=dt_socket,embedding=1,server=y,suspend=n,address=127.0.0.1:56940
Begin MonoManager ReloadAssembly
Registering precompiled unity dll's ...
Register platform support module: C:/Program Files/Unity/Hub/Editor/2021.1.1f1/Editor/Data/PlaybackEngines/WindowsStandaloneSupport/UnityEditor.WindowsStandalone.Extensions.dll
Registered in 0.001669 seconds.
Native extension for WindowsStandalone target not found
Refreshing native plugins compatible for Editor in 41.88 ms, found 0 plugins.
Preloading 0 native plugins for Editor in 0.00 ms.
Mono: successfully reloaded assembly
- Completed reload, in  1.444 seconds
Platform modules already initialized, skipping
Registering precompiled user dll's ...
Registered in 0.000549 seconds.
Begin MonoManager ReloadAssembly
Native extension for WindowsStandalone target not found
Refreshing native plugins compatible for Editor in 42.51 ms, found 0 plugins.
Preloading 0 native plugins for Editor in 0.00 ms.
Mono: successfully reloaded assembly
- Completed reload, in  0.867 seconds
Platform modules already initialized, skipping
========================================================================
Worker process is ready to serve import requests
Shader 'Universal Render Pipeline/Particles/Lit': fallback shader 'Universal Render Pipeline/Particles/SimpleLit' not found
Launched and connected shader compiler UnityShaderCompiler.exe after 0.06 seconds
Refreshing native plugins compatible for Editor in 0.42 ms, found 0 plugins.
Preloading 0 native plugins for Editor in 0.00 ms.
Unloading 2453 Unused Serialized files (Serialized files now loaded: 0)
System memory in use before: 118.0 MB.
System memory in use after: 118.2 MB.

Unloading 9 unused Assets to reduce memory usage. Loaded Objects now: 2912.
Total: 2.049300 ms (FindLiveObjects: 0.250900 ms CreateObjectMapping: 0.066200 ms MarkObjects: 1.685300 ms  DeleteObjects: 0.046100 ms)

========================================================================
Received Import Request.
  path: Assets/Materials/Player Materials
  artifactKey: Guid(061481fefe3f97e4ea9ac9392e2ec545) Importer(815301076,1909f56bfc062723c751e8b465ee728b)
Start importing Assets/Materials/Player Materials using Guid(061481fefe3f97e4ea9ac9392e2ec545) Importer(815301076,1909f56bfc062723c751e8b465ee728b)  -> (artifact id: '4bba16ef9b38caaae3ae032eba254b7d') in 0.008939 seconds 
========================================================================
Received Import Request.
  Time since last request: 0.000126 seconds.
  path: Assets/Materials/Player Materials/Target.mat
  artifactKey: Guid(097e69c3308d4704d8947ce9cfd3e2f9) Importer(815301076,1909f56bfc062723c751e8b465ee728b)
Start importing Assets/Materials/Player Materials/Target.mat using Guid(097e69c3308d4704d8947ce9cfd3e2f9) Importer(815301076,1909f56bfc062723c751e8b465ee728b)  -> (artifact id: '35963293802208db58ce6d6e3c486206') in 0.205436 seconds 
========================================================================
Received Import Request.
  Time since last request: 0.000170 seconds.
  path: Assets/Materials/Player Materials/RED.mat
  artifactKey: Guid(0f6bed117dd62774296524a070ae771f) Importer(815301076,1909f56bfc062723c751e8b465ee728b)
Start importing Assets/Materials/Player Materials/RED.mat using Guid(0f6bed117dd62774296524a070ae771f) Importer(815301076,1909f56bfc062723c751e8b465ee728b)  -> (artifact id: '80ef36fb9f410a83605633d467883070') in 0.011966 seconds 
========================================================================
Received Import Request.
  Time since last request: 0.000147 seconds.
  path: Assets/Materials/Player Materials/Obstacle.mat
  artifactKey: Guid(e0183624c722eed44b432ed7709d064f) Importer(815301076,1909f56bfc062723c751e8b465ee728b)
Start importing Assets/Materials/Player Materials/Obstacle.mat using Guid(e0183624c722eed44b432ed7709d064f) Importer(815301076,1909f56bfc062723c751e8b465ee728b)  -> (artifact id: 'c6e601f74ef338074b6dc698fb208427') in 0.011124 seconds 
========================================================================
Received Import Request.
  Time since last request: 72.025457 seconds.
  path: Assets/Scripts/grid.cs
  artifactKey: Guid(6cddaecd7e9fe054692768c7715fd8c7) Importer(815301076,1909f56bfc062723c751e8b465ee728b)
Start importing Assets/Scripts/grid.cs using Guid(6cddaecd7e9fe054692768c7715fd8c7) Importer(815301076,1909f56bfc062723c751e8b465ee728b)  -> (artifact id: 'c93fbcfef63a2b3fa3cee0dd4ee7b561') in 0.008751 seconds 
========================================================================
Received Import Request.
  Time since last request: 1.830956 seconds.
  path: Assets/Scripts/MovePlayer.cs
  artifactKey: Guid(fb749b4a59ed5204ea8dc29bc5284415) Importer(815301076,1909f56bfc062723c751e8b465ee728b)
Start importing Assets/Scripts/MovePlayer.cs using Guid(fb749b4a59ed5204ea8dc29bc5284415) Importer(815301076,1909f56bfc062723c751e8b465ee728b)  -> (artifact id: '4721c38293cbfd293b2950752cdbc387') in 0.005902 seconds 
========================================================================
Received Import Request.
  Time since last request: 3.178345 seconds.
  path: Assets/Scripts/Node.cs
  artifactKey: Guid(f51bdf8306c563840be4c7735477bb28) Importer(815301076,1909f56bfc062723c751e8b465ee728b)
Start importing Assets/Scripts/Node.cs using Guid(f51bdf8306c563840be4c7735477bb28) Importer(815301076,1909f56bfc062723c751e8b465ee728b)  -> (artifact id: '803e503d79ba7e9e6b6e2520020319ad') in 0.005656 seconds 
========================================================================
Received Import Request.
  Time since last request: 1.925463 seconds.
  path: Assets/Scripts/PathFinding.cs
  artifactKey: Guid(524836619cacd1640bd08d44f49b7c7c) Importer(815301076,1909f56bfc062723c751e8b465ee728b)
Start importing Assets/Scripts/PathFinding.cs using Guid(524836619cacd1640bd08d44f49b7c7c) Importer(815301076,1909f56bfc062723c751e8b465ee728b)  -> (artifact id: '510d432711538d4148d83dccc1a9a2a7') in 0.006173 seconds 
========================================================================
Received Import Request.
  Time since last request: 34.449817 seconds.
  path: Assets/Scripts/MovePlayer.cs
  artifactKey: Guid(fb749b4a59ed5204ea8dc29bc5284415) Importer(815301076,1909f56bfc062723c751e8b465ee728b)
Start importing Assets/Scripts/MovePlayer.cs using Guid(fb749b4a59ed5204ea8dc29bc5284415) Importer(815301076,1909f56bfc062723c751e8b465ee728b)  -> (artifact id: 'a33da06d9e4e1fcb125ff1bfbeeb5a09') in 0.002019 seconds 
========================================================================
Received Prepare
Registering precompiled user dll's ...
Registered in 0.000771 seconds.
Begin MonoManager ReloadAssembly
Native extension for WindowsStandalone target not found
Refreshing native plugins compatible for Editor in 0.45 ms, found 0 plugins.
Preloading 0 native plugins for Editor in 0.00 ms.
Mono: successfully reloaded assembly
- Completed reload, in  0.806 seconds
Platform modules already initialized, skipping
Shader 'Universal Render Pipeline/Particles/Lit': fallback shader 'Universal Render Pipeline/Particles/SimpleLit' not found
Refreshing native plugins compatible for Editor in 0.50 ms, found 0 plugins.
Preloading 0 native plugins for Editor in 0.00 ms.
Unloading 2343 Unused Serialized files (Serialized files now loaded: 0)
System memory in use before: 117.0 MB.
System memory in use after: 117.2 MB.

Unloading 4 unused Assets to reduce memory usage. Loaded Objects now: 2993.
Total: 2.262200 ms (FindLiveObjects: 0.244500 ms CreateObjectMapping: 0.064500 ms MarkObjects: 1.938300 ms  DeleteObjects: 0.014100 ms)

